f:\cw1 v3 - b4 nested classes\debug\cw1.ilk
f:\cw1 v3 - b4 nested classes\debug\cw1.exe
f:\cw1 v3 - b4 nested classes\debug\cw1.pdb
e:\cw1 v3 - b4 nested classes\debug\cw1.ilk
e:\cw1 v3 - b4 nested classes\debug\cw1.exe
e:\cw1 v3 - b4 nested classes\debug\cw1.pdb
f:\cw1 v3 - b4 nested classes\cw1\debug\vc140.pdb
e:\cw1 v3 - b4 nested classes\cw1\debug\vc140.pdb
e:\cw1 v3 - b4 nested classes\cw1\debug\vc140.idb
e:\cw1 v3 - b4 nested classes\cw1\debug\authenticator.obj
e:\cw1 v3 - b4 nested classes\cw1\debug\dataloadsave.obj
e:\cw1 v3 - b4 nested classes\cw1\debug\machine.obj
e:\cw1 v3 - b4 nested classes\cw1\debug\plant.obj
e:\cw1 v3 - b4 nested classes\cw1\debug\soil.obj
e:\cw1 v3 - b4 nested classes\cw1\debug\weather.obj
e:\cw1 v3 - b4 nested classes\cw1\debug\source.obj
e:\cw1 v3 - b4 nested classes\cw1\debug\cw1.tlog\cl.command.1.tlog
e:\cw1 v3 - b4 nested classes\cw1\debug\cw1.tlog\link.command.1.tlog
e:\cw1 v3 - b4 nested classes\cw1\debug\cw1.tlog\link.write.1.tlog
e:\cw1 v3 - b4 nested classes\cw1\debug\cw1.tlog\cl.read.1.tlog
e:\cw1 v3 - b4 nested classes\cw1\debug\cw1.tlog\link.read.1.tlog
e:\cw1 v3 - b4 nested classes\cw1\debug\cw1.tlog\cl.write.1.tlog
