  circle.cpp
d:\my documents\### uni ###\year 1\c++\cw2\project1\project1\console.h(13): warning C4091: 'static ': ignored on left of 'Console::COLOUR' when no variable is declared
d:\my documents\### uni ###\year 1\c++\cw2\project1\project1\circle.cpp(21): warning C4244: 'return': conversion from 'double' to 'int', possible loss of data
d:\my documents\### uni ###\year 1\c++\cw2\project1\project1\circle.cpp(26): warning C4244: 'return': conversion from 'double' to 'int', possible loss of data
d:\my documents\### uni ###\year 1\c++\cw2\project1\project1\circle.cpp(53): warning C4244: '=': conversion from 'double' to 'int', possible loss of data
d:\my documents\### uni ###\year 1\c++\cw2\project1\project1\circle.cpp(54): warning C4244: '=': conversion from 'double' to 'int', possible loss of data
  console.cpp
d:\my documents\### uni ###\year 1\c++\cw2\project1\project1\console.h(13): warning C4091: 'static ': ignored on left of 'Console::COLOUR' when no variable is declared
  main.cpp
d:\my documents\### uni ###\year 1\c++\cw2\project1\project1\console.h(13): warning C4091: 'static ': ignored on left of 'Console::COLOUR' when no variable is declared
  octagon.cpp
d:\my documents\### uni ###\year 1\c++\cw2\project1\project1\console.h(13): warning C4091: 'static ': ignored on left of 'Console::COLOUR' when no variable is declared
d:\my documents\### uni ###\year 1\c++\cw2\project1\project1\octagon.cpp(22): warning C4244: 'return': conversion from 'double' to 'int', possible loss of data
d:\my documents\### uni ###\year 1\c++\cw2\project1\project1\octagon.cpp(29): warning C4244: 'return': conversion from 'double' to 'int', possible loss of data
d:\my documents\### uni ###\year 1\c++\cw2\project1\project1\octagon.cpp(56): warning C4244: '=': conversion from 'double' to 'int', possible loss of data
d:\my documents\### uni ###\year 1\c++\cw2\project1\project1\octagon.cpp(57): warning C4244: '=': conversion from 'double' to 'int', possible loss of data
  pentagon.cpp
d:\my documents\### uni ###\year 1\c++\cw2\project1\project1\console.h(13): warning C4091: 'static ': ignored on left of 'Console::COLOUR' when no variable is declared
d:\my documents\### uni ###\year 1\c++\cw2\project1\project1\pentagon.cpp(22): warning C4244: 'return': conversion from 'double' to 'int', possible loss of data
d:\my documents\### uni ###\year 1\c++\cw2\project1\project1\pentagon.cpp(29): warning C4244: 'return': conversion from 'double' to 'int', possible loss of data
d:\my documents\### uni ###\year 1\c++\cw2\project1\project1\pentagon.cpp(56): warning C4244: '=': conversion from 'double' to 'int', possible loss of data
d:\my documents\### uni ###\year 1\c++\cw2\project1\project1\pentagon.cpp(57): warning C4244: '=': conversion from 'double' to 'int', possible loss of data
  rhombus.cpp
d:\my documents\### uni ###\year 1\c++\cw2\project1\project1\console.h(13): warning C4091: 'static ': ignored on left of 'Console::COLOUR' when no variable is declared
d:\my documents\### uni ###\year 1\c++\cw2\project1\project1\rhombus.cpp(23): warning C4244: 'return': conversion from 'double' to 'int', possible loss of data
d:\my documents\### uni ###\year 1\c++\cw2\project1\project1\rhombus.cpp(30): warning C4244: 'return': conversion from 'double' to 'int', possible loss of data
d:\my documents\### uni ###\year 1\c++\cw2\project1\project1\rhombus.cpp(60): warning C4244: '=': conversion from 'double' to 'int', possible loss of data
d:\my documents\### uni ###\year 1\c++\cw2\project1\project1\rhombus.cpp(61): warning C4244: '=': conversion from 'double' to 'int', possible loss of data
  shape.cpp
d:\my documents\### uni ###\year 1\c++\cw2\project1\project1\console.h(13): warning C4091: 'static ': ignored on left of 'Console::COLOUR' when no variable is declared
  triangle.cpp
d:\my documents\### uni ###\year 1\c++\cw2\project1\project1\console.h(13): warning C4091: 'static ': ignored on left of 'Console::COLOUR' when no variable is declared
d:\my documents\### uni ###\year 1\c++\cw2\project1\project1\triangle.cpp(26): warning C4244: 'return': conversion from 'double' to 'int', possible loss of data
d:\my documents\### uni ###\year 1\c++\cw2\project1\project1\triangle.cpp(33): warning C4244: 'return': conversion from 'double' to 'int', possible loss of data
d:\my documents\### uni ###\year 1\c++\cw2\project1\project1\triangle.cpp(57): warning C4244: '=': conversion from 'double' to 'int', possible loss of data
d:\my documents\### uni ###\year 1\c++\cw2\project1\project1\triangle.cpp(58): warning C4244: '=': conversion from 'double' to 'int', possible loss of data
d:\my documents\### uni ###\year 1\c++\cw2\project1\project1\triangle.cpp(64): warning C4244: '=': conversion from 'double' to 'int', possible loss of data
d:\my documents\### uni ###\year 1\c++\cw2\project1\project1\triangle.cpp(65): warning C4244: '=': conversion from 'double' to 'int', possible loss of data
  vertex.cpp
  Generating Code...
  Project2.vcxproj -> D:\My Documents\### UNI ###\YEAR 1\C++\CW2\Project2\Debug\Project2.exe
